{
  "RSpec": {
    "coverage": {
      "/home/Roisin3/tic-tac-toe-rb-online-web-sp-000/lib/tic_tac_toe.rb": [
        1,
        7,
        7,
        7,
        7,
        7,
        null,
        null,
        null,
        1,
        null,
        null,
        null,
        null,
        null,
        null,
        null,
        null,
        null,
        1,
        6,
        null,
        null,
        1,
        5,
        null,
        null,
        1,
        15,
        null,
        null,
        1,
        6,
        4,
        3,
        null,
        null,
        null,
        null,
        1,
        3,
        3,
        3,
        3,
        2,
        2,
        null,
        1,
        null,
        null,
        null,
        1,
        2,
        2,
        18,
        5,
        null,
        null,
        2,
        null,
        null,
        1,
        1,
        null,
        null,
        1,
        10,
        70,
        null,
        null,
        null,
        null,
        null,
        1,
        9,
        53,
        null,
        null,
        null,
        1,
        6,
        null,
        null,
        1,
        3,
        null,
        null,
        1,
        3,
        2,
        null,
        null,
        null,
        1,
        12,
        0,
        0,
        0,
        0,
        null,
        null
      ]
    },
    "timestamp": 1564856245
  }
}
