{
  "RSpec": {
    "coverage": {
      "/home/Roisin3/tic-tac-toe-rb-online-web-sp-000/lib/tic_tac_toe.rb": [
        1,
        14,
        14,
        14,
        14,
        14,
        null,
        null,
        null,
        1,
        null,
        null,
        null,
        null,
        null,
        null,
        null,
        null,
        null,
        1,
        13,
        null,
        null,
        1,
        12,
        null,
        null,
        1,
        22,
        null,
        null,
        1,
        13,
        11,
        10,
        null,
        null,
        null,
        null,
        1,
        13,
        13,
        10,
        10,
        9,
        9,
        null,
        1,
        null,
        null,
        null,
        1,
        2,
        2,
        18,
        5,
        null,
        null,
        2,
        null,
        null,
        1,
        1,
        null,
        null,
        1,
        10,
        70,
        null,
        null,
        null,
        null,
        null,
        1,
        9,
        53,
        null,
        null,
        null,
        1,
        6,
        null,
        null,
        1,
        3,
        null,
        null,
        1,
        3,
        2,
        null,
        null,
        null,
        1,
        12,
        7,
        null
      ]
    },
    "timestamp": 1564855835
  }
}
